<?xml version="1.0" encoding="UTF-8"?>
<testsuite xmlns:xsi="http://www.w3.org/2001/XMLSchema-instance" xsi:noNamespaceSchemaLocation="https://maven.apache.org/surefire/maven-surefire-plugin/xsd/surefire-test-report-3.0.xsd" version="3.0" name="org.acme.getting.started.GreetingResourceTest" time="3.565" tests="2" errors="0" skipped="0" failures="0">
  <properties>
[...]
</properties>
  <testcase name="testHelloEndpoint" classname="org.acme.getting.started.GreetingResourceTest" time="1.4">
    <system-out><![CDATA[2021-10-19 15:43:54,783 INFO  [io.quarkus] (main) Quarkus 2.3.0.Final on JVM started in 1.710s. Listening on: http://localhost:8081
2021-10-19 15:43:54,785 INFO  [io.quarkus] (main) Profile test activated. 
2021-10-19 15:43:54,785 INFO  [io.quarkus] (main) Installed features: [cdi, resteasy, smallrye-context-propagation, vertx]
]]></system-out>
  </testcase>
  <testcase name="testGreetingEndpoint" classname="org.acme.getting.started.GreetingResourceTest" time="0.031"/>
</testsuite>